210129-13:52:05,376 nipype.workflow INFO:
	 Generated workflow graph: /output_dir/nipype/sub-01/anatomical_pipeline/graph.svg (graph2use=colored, simple_form=True).
210129-13:52:05,377 nipype.interface INFO:
	 **** Processing ****
210129-13:52:05,505 nipype.workflow INFO:
	 Workflow anatomical_pipeline settings: ['check', 'execution', 'logging', 'monitoring']
210129-13:52:05,520 nipype.workflow INFO:
	 Running serially.
210129-13:52:05,521 nipype.workflow INFO:
	 [Node] Setting-up "anatomical_pipeline.datasource" in "/output_dir/nipype/sub-01/anatomical_pipeline/datasource".
210129-13:52:05,528 nipype.workflow INFO:
	 [Node] Running "datasource" ("nipype.interfaces.io.DataGrabber")
210129-13:52:05,536 nipype.workflow INFO:
	 [Node] Finished "anatomical_pipeline.datasource".
210129-13:52:05,538 nipype.workflow INFO:
	 [Node] Setting-up "anatomical_pipeline.segmentation_stage.mgz_convert" in "/output_dir/nipype/sub-01/anatomical_pipeline/segmentation_stage/mgz_convert".
210129-13:52:05,541 nipype.workflow INFO:
	 [Node] Outdated cache found for "anatomical_pipeline.segmentation_stage.mgz_convert".
210129-13:52:05,551 nipype.workflow INFO:
	 [Node] Running "mgz_convert" ("nipype.interfaces.freesurfer.preprocess.MRIConvert"), a CommandLine Interface with command:
mri_convert --out_type mgz --resample_type interpolate -voxsize 1.000000 1.000000 1.000000 --input_volume /output_dir/cmp/sub-01/anat/sub-01_desc-cmp_T1w.nii.gz --output_volume T1.mgz
210129-13:52:06,16 nipype.interface INFO:
	 stdout 2021-01-29T13:52:06.015996:mri_convert.bin --out_type mgz --resample_type interpolate -voxsize 1.000000 1.000000 1.000000 --input_volume /output_dir/cmp/sub-01/anat/sub-01_desc-cmp_T1w.nii.gz --output_volume T1.mgz 
210129-13:52:07,679 nipype.interface INFO:
	 stdout 2021-01-29T13:52:07.679690:$Id: mri_convert.c,v 1.226 2016/02/26 16:15:24 mreuter Exp $
210129-13:52:07,679 nipype.interface INFO:
	 stdout 2021-01-29T13:52:07.679690:reading from /output_dir/cmp/sub-01/anat/sub-01_desc-cmp_T1w.nii.gz...
210129-13:52:07,680 nipype.interface INFO:
	 stdout 2021-01-29T13:52:07.679690:WARNING: hdr.dim[4] = 0 (nframes), setting to 1
210129-13:52:07,680 nipype.interface INFO:
	 stdout 2021-01-29T13:52:07.679690:niiRead(): NIFTI_UNITS_UNKNOWN, assuming mm
210129-13:52:07,680 nipype.interface INFO:
	 stdout 2021-01-29T13:52:07.679690:TR=0.00, TE=0.00, TI=0.00, flip angle=0.00
210129-13:52:07,680 nipype.interface INFO:
	 stdout 2021-01-29T13:52:07.679690:i_ras = (1, 0, 0)
210129-13:52:07,680 nipype.interface INFO:
	 stdout 2021-01-29T13:52:07.679690:j_ras = (0, 1, 0)
210129-13:52:07,680 nipype.interface INFO:
	 stdout 2021-01-29T13:52:07.679690:k_ras = (0, 0, 1)
210129-13:52:07,680 nipype.interface INFO:
	 stdout 2021-01-29T13:52:07.679690:writing to T1.mgz...
210129-13:52:07,736 nipype.workflow INFO:
	 [Node] Finished "anatomical_pipeline.segmentation_stage.mgz_convert".
210129-13:52:07,737 nipype.workflow INFO:
	 [Node] Setting-up "anatomical_pipeline.segmentation_stage.copy_orig" in "/output_dir/nipype/sub-01/anatomical_pipeline/segmentation_stage/copy_orig".
210129-13:52:07,740 nipype.workflow INFO:
	 [Node] Outdated cache found for "anatomical_pipeline.segmentation_stage.copy_orig".
210129-13:52:07,745 nipype.workflow INFO:
	 [Node] Running "copy_orig" ("nipype.interfaces.utility.base.Rename")
210129-13:52:07,751 nipype.workflow INFO:
	 [Node] Finished "anatomical_pipeline.segmentation_stage.copy_orig".
210129-13:52:07,752 nipype.workflow INFO:
	 [Node] Setting-up "anatomical_pipeline.segmentation_stage.reconall" in "/output_dir/nipype/sub-01/anatomical_pipeline/segmentation_stage/reconall".
210129-13:52:07,767 nipype.workflow INFO:
	 [Node] Cached "anatomical_pipeline.segmentation_stage.reconall" - collecting precomputed outputs
210129-13:52:07,767 nipype.workflow INFO:
	 [Node] "anatomical_pipeline.segmentation_stage.reconall" found cached.
210129-13:52:07,768 nipype.workflow INFO:
	 [Node] Setting-up "anatomical_pipeline.parcellation_stage.Lausanne2018_parcellation" in "/output_dir/nipype/sub-01/anatomical_pipeline/parcellation_stage/Lausanne2018_parcellation".
210129-13:52:07,783 nipype.workflow INFO:
	 [Node] Cached "anatomical_pipeline.parcellation_stage.Lausanne2018_parcellation" - collecting precomputed outputs
210129-13:52:07,783 nipype.workflow INFO:
	 [Node] "anatomical_pipeline.parcellation_stage.Lausanne2018_parcellation" found cached.
210129-13:52:07,784 nipype.workflow INFO:
	 [Node] Setting-up "anatomical_pipeline.parcellation_stage.parcHippo" in "/output_dir/nipype/sub-01/anatomical_pipeline/parcellation_stage/parcHippo".
210129-13:52:07,797 nipype.workflow INFO:
	 [Node] Cached "anatomical_pipeline.parcellation_stage.parcHippo" - collecting precomputed outputs
210129-13:52:07,798 nipype.workflow INFO:
	 [Node] "anatomical_pipeline.parcellation_stage.parcHippo" found cached.
210129-13:52:07,798 nipype.workflow INFO:
	 [Node] Setting-up "anatomical_pipeline.parcellation_stage.parcCombiner" in "/output_dir/nipype/sub-01/anatomical_pipeline/parcellation_stage/parcCombiner".
210129-13:52:07,818 nipype.workflow INFO:
	 [Node] Outdated cache found for "anatomical_pipeline.parcellation_stage.parcCombiner".
210129-13:52:07,824 nipype.workflow INFO:
	 [Node] Running "parcCombiner" ("cmtklib.parcellation.CombineParcellations")
210129-13:52:07,825 nipype.interface INFO:
	 ------------------------------------------------------------
210129-13:52:07,825 nipype.interface INFO:
	 Combination of Lausanne2008 parcellation with new structures
210129-13:52:07,826 nipype.interface INFO:
	 ------------------------------------------------------------
210129-13:52:07,826 nipype.interface INFO:
	   > Freesurfer subject directory: /output_dir/freesurfer/sub-01
210129-13:52:08,112 nipype.interface INFO:
	 [93m  Thalamic nuclei image not provided[0m
210129-13:52:08,112 nipype.interface INFO:
	 [93m  Brain stem image not provided[0m
210129-13:52:08,112 nipype.interface INFO:
	   > Create ventricule image
210129-13:52:08,302 nipype.interface INFO:
	     ... Image saved to /output_dir/nipype/sub-01/anatomical_pipeline/parcellation_stage/parcCombiner/ventricle3.nii.gz
210129-13:52:08,494 nipype.interface INFO:
	   > Dilate the ventricule image
210129-13:52:08,494 nipype.interface INFO:
	     ... Command: fslmaths /output_dir/nipype/sub-01/anatomical_pipeline/parcellation_stage/parcCombiner/ventricle3.nii.gz -kernel sphere 5 -dilD /output_dir/nipype/sub-01/anatomical_pipeline/parcellation_stage/parcCombiner/ventricle3_dil.nii.gz
210129-13:55:30,830 nipype.interface INFO:
	   > Create colorLUT file as /output_dir/nipype/sub-01/anatomical_pipeline/parcellation_stage/parcCombiner/ROIv_HR_th_scale4_FreeSurferColorLUT.txt
210129-13:55:30,831 nipype.interface INFO:
	   > Create graphML_file as /output_dir/nipype/sub-01/anatomical_pipeline/parcellation_stage/parcCombiner/ROIv_HR_th_scale4.graphml
210129-13:55:31,88 nipype.interface INFO:
	   > Load rh.lausanne2008.scale4.annot
210129-13:55:32,225 nipype.interface INFO:
	   > Load lh.lausanne2008.scale4.annot
210129-13:55:33,324 nipype.interface INFO:
	   > Save output image to /output_dir/nipype/sub-01/anatomical_pipeline/parcellation_stage/parcCombiner/ROIv_HR_th_scale4_final.nii.gz
210129-13:55:33,555 nipype.interface INFO:
	   > Create colorLUT file as /output_dir/nipype/sub-01/anatomical_pipeline/parcellation_stage/parcCombiner/ROIv_HR_th_scale5_FreeSurferColorLUT.txt
210129-13:55:33,556 nipype.interface INFO:
	   > Create graphML_file as /output_dir/nipype/sub-01/anatomical_pipeline/parcellation_stage/parcCombiner/ROIv_HR_th_scale5.graphml
210129-13:55:33,817 nipype.interface INFO:
	   > Load rh.lausanne2008.scale5.annot
210129-13:55:35,69 nipype.interface INFO:
	   > Load lh.lausanne2008.scale5.annot
210129-13:55:36,345 nipype.interface INFO:
	   > Save output image to /output_dir/nipype/sub-01/anatomical_pipeline/parcellation_stage/parcCombiner/ROIv_HR_th_scale5_final.nii.gz
210129-13:55:36,589 nipype.interface INFO:
	   > Create colorLUT file as /output_dir/nipype/sub-01/anatomical_pipeline/parcellation_stage/parcCombiner/ROIv_HR_th_scale1_FreeSurferColorLUT.txt
210129-13:55:36,589 nipype.interface INFO:
	   > Create graphML_file as /output_dir/nipype/sub-01/anatomical_pipeline/parcellation_stage/parcCombiner/ROIv_HR_th_scale1.graphml
210129-13:55:36,831 nipype.interface INFO:
	   > Load rh.lausanne2008.scale1.annot
210129-13:55:38,99 nipype.interface INFO:
	   > Load lh.lausanne2008.scale1.annot
210129-13:55:39,792 nipype.interface INFO:
	   > Save output image to /output_dir/nipype/sub-01/anatomical_pipeline/parcellation_stage/parcCombiner/ROIv_HR_th_scale1_final.nii.gz
210129-13:55:40,19 nipype.interface INFO:
	   > Create colorLUT file as /output_dir/nipype/sub-01/anatomical_pipeline/parcellation_stage/parcCombiner/ROIv_HR_th_scale2_FreeSurferColorLUT.txt
210129-13:55:40,19 nipype.interface INFO:
	   > Create graphML_file as /output_dir/nipype/sub-01/anatomical_pipeline/parcellation_stage/parcCombiner/ROIv_HR_th_scale2.graphml
210129-13:55:40,256 nipype.interface INFO:
	   > Load rh.lausanne2008.scale2.annot
210129-13:55:41,506 nipype.interface INFO:
	   > Load lh.lausanne2008.scale2.annot
210129-13:55:42,829 nipype.interface INFO:
	   > Save output image to /output_dir/nipype/sub-01/anatomical_pipeline/parcellation_stage/parcCombiner/ROIv_HR_th_scale2_final.nii.gz
210129-13:55:43,42 nipype.interface INFO:
	   > Create colorLUT file as /output_dir/nipype/sub-01/anatomical_pipeline/parcellation_stage/parcCombiner/ROIv_HR_th_scale3_FreeSurferColorLUT.txt
210129-13:55:43,42 nipype.interface INFO:
	   > Create graphML_file as /output_dir/nipype/sub-01/anatomical_pipeline/parcellation_stage/parcCombiner/ROIv_HR_th_scale3.graphml
210129-13:55:43,272 nipype.interface INFO:
	   > Load rh.lausanne2008.scale3.annot
210129-13:55:44,378 nipype.interface INFO:
	   > Load lh.lausanne2008.scale3.annot
210129-13:55:45,476 nipype.interface INFO:
	   > Save output image to /output_dir/nipype/sub-01/anatomical_pipeline/parcellation_stage/parcCombiner/ROIv_HR_th_scale3_final.nii.gz
210129-13:55:45,668 nipype.interface INFO:
	     ... Copy aparc+aseg to /output_dir/freesurfer/sub-01/tmp/aparc+aseg.mgz
210129-13:55:45,669 nipype.interface INFO:
	     ... Transform to native space
210129-13:55:45,669 nipype.interface INFO:
	         Command: mri_vol2vol --mov "/output_dir/freesurfer/sub-01/mri/aparc+aseg.mgz" --targ "/output_dir/freesurfer/sub-01/mri/orig/001.mgz" --regheader --o "/output_dir/freesurfer/sub-01/tmp/aparc+aseg.native.nii.gz" --no-save-reg --interp nearest
210129-13:55:47,676 nipype.interface INFO:
	   > Correct Freesurfer generated aparc+aseg.mgz...
210129-13:55:47,689 nipype.interface INFO:
	     ... Save relabeled image to /output_dir/nipype/sub-01/anatomical_pipeline/parcellation_stage/parcCombiner/aparc+aseg.Lausanne2018.native.nii.gz
210129-13:55:47,789 nipype.workflow INFO:
	 [Node] Finished "anatomical_pipeline.parcellation_stage.parcCombiner".
210129-13:55:47,790 nipype.workflow INFO:
	 [Node] Setting-up "anatomical_pipeline.parcellation_stage.computeROIVolumetry" in "/output_dir/nipype/sub-01/anatomical_pipeline/parcellation_stage/computeROIVolumetry".
210129-13:55:47,795 nipype.workflow INFO:
	 [Node] Outdated cache found for "anatomical_pipeline.parcellation_stage.computeROIVolumetry".
210129-13:55:47,801 nipype.workflow INFO:
	 [Node] Running "computeROIVolumetry" ("cmtklib.parcellation.ComputeParcellationRoiVolumes")
210129-13:55:47,802 nipype.interface INFO:
	 -------------------------------------------------------
210129-13:55:47,802 nipype.interface INFO:
	 Processing Lausanne2018 parcellation - scale4
210129-13:55:47,802 nipype.interface INFO:
	 -------------------------------------------------------
210129-13:55:47,802 nipype.interface INFO:
	   > Load /output_dir/nipype/sub-01/anatomical_pipeline/parcellation_stage/parcCombiner/ROIv_HR_th_scale4_final.nii.gz...
210129-13:55:47,848 nipype.interface INFO:
	     ... Voxel volume = /output_dir/nipype/sub-01/anatomical_pipeline/parcellation_stage/parcCombiner/ROIv_HR_th_scale4_final.nii.gz mm3
210129-13:55:47,848 nipype.interface INFO:
	   > Create Volumetry TSV file as /output_dir/nipype/sub-01/anatomical_pipeline/parcellation_stage/computeROIVolumetry/roi_stats_scale4.tsv
210129-13:55:47,848 nipype.interface INFO:
	   > Load /output_dir/nipype/sub-01/anatomical_pipeline/parcellation_stage/parcCombiner/ROIv_HR_th_scale4.graphml...
210129-13:55:47,864 nipype.interface INFO:
	   > Processing parcels...
210129-13:55:47,864 nipype.interface INFO:
	    0%
210129-13:55:48,350 nipype.interface INFO:
	   10%
210129-13:55:48,887 nipype.interface INFO:
	   20%
210129-13:55:49,405 nipype.interface INFO:
	   30%
210129-13:55:49,918 nipype.interface INFO:
	   40%
210129-13:55:50,466 nipype.interface INFO:
	   50%
210129-13:55:50,964 nipype.interface INFO:
	   60%
210129-13:55:51,416 nipype.interface INFO:
	   70%
210129-13:55:51,885 nipype.interface INFO:
	   80%
210129-13:55:52,377 nipype.interface INFO:
	   90%
210129-13:55:52,847 nipype.interface INFO:
	  100%
210129-13:55:52,866 nipype.interface INFO:
	 -------------------------------------------------------
210129-13:55:52,866 nipype.interface INFO:
	 Processing Lausanne2018 parcellation - scale5
210129-13:55:52,866 nipype.interface INFO:
	 -------------------------------------------------------
210129-13:55:52,866 nipype.interface INFO:
	   > Load /output_dir/nipype/sub-01/anatomical_pipeline/parcellation_stage/parcCombiner/ROIv_HR_th_scale5_final.nii.gz...
210129-13:55:52,902 nipype.interface INFO:
	     ... Voxel volume = /output_dir/nipype/sub-01/anatomical_pipeline/parcellation_stage/parcCombiner/ROIv_HR_th_scale5_final.nii.gz mm3
210129-13:55:52,903 nipype.interface INFO:
	   > Create Volumetry TSV file as /output_dir/nipype/sub-01/anatomical_pipeline/parcellation_stage/computeROIVolumetry/roi_stats_scale5.tsv
210129-13:55:52,903 nipype.interface INFO:
	   > Load /output_dir/nipype/sub-01/anatomical_pipeline/parcellation_stage/parcCombiner/ROIv_HR_th_scale5.graphml...
210129-13:55:52,933 nipype.interface INFO:
	   > Processing parcels...
210129-13:55:52,933 nipype.interface INFO:
	    0%
210129-13:55:53,891 nipype.interface INFO:
	   10%
210129-13:55:54,927 nipype.interface INFO:
	   20%
210129-13:55:55,969 nipype.interface INFO:
	   30%
210129-13:55:57,32 nipype.interface INFO:
	   40%
210129-13:55:58,73 nipype.interface INFO:
	   50%
210129-13:55:59,130 nipype.interface INFO:
	   60%
210129-13:56:00,162 nipype.interface INFO:
	   70%
210129-13:56:01,265 nipype.interface INFO:
	   80%
210129-13:56:02,365 nipype.interface INFO:
	   90%
210129-13:56:03,434 nipype.interface INFO:
	  100%
210129-13:56:03,483 nipype.interface INFO:
	 -------------------------------------------------------
210129-13:56:03,483 nipype.interface INFO:
	 Processing Lausanne2018 parcellation - scale1
210129-13:56:03,483 nipype.interface INFO:
	 -------------------------------------------------------
210129-13:56:03,483 nipype.interface INFO:
	   > Load /output_dir/nipype/sub-01/anatomical_pipeline/parcellation_stage/parcCombiner/ROIv_HR_th_scale1_final.nii.gz...
210129-13:56:03,519 nipype.interface INFO:
	     ... Voxel volume = /output_dir/nipype/sub-01/anatomical_pipeline/parcellation_stage/parcCombiner/ROIv_HR_th_scale1_final.nii.gz mm3
210129-13:56:03,519 nipype.interface INFO:
	   > Create Volumetry TSV file as /output_dir/nipype/sub-01/anatomical_pipeline/parcellation_stage/computeROIVolumetry/roi_stats_scale1.tsv
210129-13:56:03,519 nipype.interface INFO:
	   > Load /output_dir/nipype/sub-01/anatomical_pipeline/parcellation_stage/parcCombiner/ROIv_HR_th_scale1.graphml...
210129-13:56:03,523 nipype.interface INFO:
	   > Processing parcels...
210129-13:56:03,524 nipype.interface INFO:
	    0%
210129-13:56:03,627 nipype.interface INFO:
	   10%
210129-13:56:03,732 nipype.interface INFO:
	   20%
210129-13:56:03,843 nipype.interface INFO:
	   30%
210129-13:56:03,959 nipype.interface INFO:
	   40%
210129-13:56:04,76 nipype.interface INFO:
	   50%
210129-13:56:04,202 nipype.interface INFO:
	   60%
210129-13:56:04,317 nipype.interface INFO:
	   70%
210129-13:56:04,436 nipype.interface INFO:
	   80%
210129-13:56:04,542 nipype.interface INFO:
	   90%
210129-13:56:04,647 nipype.interface INFO:
	 -------------------------------------------------------
210129-13:56:04,648 nipype.interface INFO:
	 Processing Lausanne2018 parcellation - scale2
210129-13:56:04,648 nipype.interface INFO:
	 -------------------------------------------------------
210129-13:56:04,648 nipype.interface INFO:
	   > Load /output_dir/nipype/sub-01/anatomical_pipeline/parcellation_stage/parcCombiner/ROIv_HR_th_scale2_final.nii.gz...
210129-13:56:04,681 nipype.interface INFO:
	     ... Voxel volume = /output_dir/nipype/sub-01/anatomical_pipeline/parcellation_stage/parcCombiner/ROIv_HR_th_scale2_final.nii.gz mm3
210129-13:56:04,681 nipype.interface INFO:
	   > Create Volumetry TSV file as /output_dir/nipype/sub-01/anatomical_pipeline/parcellation_stage/computeROIVolumetry/roi_stats_scale2.tsv
210129-13:56:04,681 nipype.interface INFO:
	   > Load /output_dir/nipype/sub-01/anatomical_pipeline/parcellation_stage/parcCombiner/ROIv_HR_th_scale2.graphml...
210129-13:56:04,686 nipype.interface INFO:
	   > Processing parcels...
210129-13:56:04,686 nipype.interface INFO:
	    0%
210129-13:56:04,826 nipype.interface INFO:
	   10%
210129-13:56:04,974 nipype.interface INFO:
	   20%
210129-13:56:05,121 nipype.interface INFO:
	   30%
210129-13:56:05,270 nipype.interface INFO:
	   40%
210129-13:56:05,408 nipype.interface INFO:
	   50%
210129-13:56:05,556 nipype.interface INFO:
	   60%
210129-13:56:05,712 nipype.interface INFO:
	   70%
210129-13:56:05,875 nipype.interface INFO:
	   80%
210129-13:56:06,40 nipype.interface INFO:
	   90%
210129-13:56:06,190 nipype.interface INFO:
	 -------------------------------------------------------
210129-13:56:06,190 nipype.interface INFO:
	 Processing Lausanne2018 parcellation - scale3
210129-13:56:06,190 nipype.interface INFO:
	 -------------------------------------------------------
210129-13:56:06,190 nipype.interface INFO:
	   > Load /output_dir/nipype/sub-01/anatomical_pipeline/parcellation_stage/parcCombiner/ROIv_HR_th_scale3_final.nii.gz...
210129-13:56:06,222 nipype.interface INFO:
	     ... Voxel volume = /output_dir/nipype/sub-01/anatomical_pipeline/parcellation_stage/parcCombiner/ROIv_HR_th_scale3_final.nii.gz mm3
210129-13:56:06,222 nipype.interface INFO:
	   > Create Volumetry TSV file as /output_dir/nipype/sub-01/anatomical_pipeline/parcellation_stage/computeROIVolumetry/roi_stats_scale3.tsv
210129-13:56:06,222 nipype.interface INFO:
	   > Load /output_dir/nipype/sub-01/anatomical_pipeline/parcellation_stage/parcCombiner/ROIv_HR_th_scale3.graphml...
210129-13:56:06,230 nipype.interface INFO:
	   > Processing parcels...
210129-13:56:06,230 nipype.interface INFO:
	    0%
210129-13:56:06,463 nipype.interface INFO:
	   10%
210129-13:56:06,732 nipype.interface INFO:
	   20%
210129-13:56:06,994 nipype.interface INFO:
	   30%
210129-13:56:07,257 nipype.interface INFO:
	   40%
210129-13:56:07,538 nipype.interface INFO:
	   50%
210129-13:56:07,815 nipype.interface INFO:
	   60%
210129-13:56:08,99 nipype.interface INFO:
	   70%
210129-13:56:08,365 nipype.interface INFO:
	   80%
210129-13:56:08,644 nipype.interface INFO:
	   90%
210129-13:56:08,919 nipype.interface INFO:
	  100%
210129-13:56:08,929 nipype.interface INFO:
	   [Done]
210129-13:56:08,937 nipype.workflow INFO:
	 [Node] Finished "anatomical_pipeline.parcellation_stage.computeROIVolumetry".
210129-13:56:08,937 nipype.workflow INFO:
	 [Node] Setting-up "anatomical_pipeline.anatomical_sinker" in "/output_dir/nipype/sub-01/anatomical_pipeline/anatomical_sinker".
210129-13:56:08,964 nipype.workflow INFO:
	 [Node] Outdated cache found for "anatomical_pipeline.anatomical_sinker".
210129-13:56:08,980 nipype.workflow INFO:
	 [Node] Running "anatomical_sinker" ("nipype.interfaces.io.DataSink")
210129-13:56:08,982 nipype.interface INFO:
	 sub: /output_dir/cmp/sub-01/anat/T1.nii.gz -> /output_dir/cmp/sub-01/anat/sub-01_desc-head_T1w.nii.gz
210129-13:56:08,982 nipype.interface INFO:
	 sub: /output_dir/cmp/sub-01/anat/fsmask_1mm.nii.gz -> /output_dir/cmp/sub-01/anat/sub-01_label-WM_dseg.nii.gz
210129-13:56:08,982 nipype.interface INFO:
	 sub: /output_dir/cmp/sub-01/anat/brain_mask.nii.gz -> /output_dir/cmp/sub-01/anat/sub-01_desc-brain_mask.nii.gz
210129-13:56:08,982 nipype.interface INFO:
	 sub: /output_dir/cmp/sub-01/anat/roi_stats_scale4.tsv -> /output_dir/cmp/sub-01/anat/sub-01_label-L2018_desc-scale4_stats.tsv
210129-13:56:08,983 nipype.interface INFO:
	 sub: /output_dir/cmp/sub-01/anat/roi_stats_scale5.tsv -> /output_dir/cmp/sub-01/anat/sub-01_label-L2018_desc-scale5_stats.tsv
210129-13:56:08,983 nipype.interface INFO:
	 sub: /output_dir/cmp/sub-01/anat/roi_stats_scale1.tsv -> /output_dir/cmp/sub-01/anat/sub-01_label-L2018_desc-scale1_stats.tsv
210129-13:56:08,983 nipype.interface INFO:
	 sub: /output_dir/cmp/sub-01/anat/roi_stats_scale2.tsv -> /output_dir/cmp/sub-01/anat/sub-01_label-L2018_desc-scale2_stats.tsv
210129-13:56:08,984 nipype.interface INFO:
	 sub: /output_dir/cmp/sub-01/anat/roi_stats_scale3.tsv -> /output_dir/cmp/sub-01/anat/sub-01_label-L2018_desc-scale3_stats.tsv
210129-13:56:08,984 nipype.interface INFO:
	 sub: /output_dir/cmp/sub-01/anat/ROIv_HR_th_scale4_FreeSurferColorLUT.txt -> /output_dir/cmp/sub-01/anat/sub-01_label-L2018_desc-scale4_atlas_FreeSurferColorLUT.txt
210129-13:56:08,984 nipype.interface INFO:
	 sub: /output_dir/cmp/sub-01/anat/ROIv_HR_th_scale5_FreeSurferColorLUT.txt -> /output_dir/cmp/sub-01/anat/sub-01_label-L2018_desc-scale5_atlas_FreeSurferColorLUT.txt
210129-13:56:08,984 nipype.interface INFO:
	 sub: /output_dir/cmp/sub-01/anat/ROIv_HR_th_scale1_FreeSurferColorLUT.txt -> /output_dir/cmp/sub-01/anat/sub-01_label-L2018_desc-scale1_atlas_FreeSurferColorLUT.txt
210129-13:56:08,985 nipype.interface INFO:
	 sub: /output_dir/cmp/sub-01/anat/ROIv_HR_th_scale2_FreeSurferColorLUT.txt -> /output_dir/cmp/sub-01/anat/sub-01_label-L2018_desc-scale2_atlas_FreeSurferColorLUT.txt
210129-13:56:08,985 nipype.interface INFO:
	 sub: /output_dir/cmp/sub-01/anat/ROIv_HR_th_scale3_FreeSurferColorLUT.txt -> /output_dir/cmp/sub-01/anat/sub-01_label-L2018_desc-scale3_atlas_FreeSurferColorLUT.txt
210129-13:56:08,985 nipype.interface INFO:
	 sub: /output_dir/cmp/sub-01/anat/ROIv_HR_th_scale4.graphml -> /output_dir/cmp/sub-01/anat/sub-01_label-L2018_desc-scale4_atlas.graphml
210129-13:56:08,985 nipype.interface INFO:
	 sub: /output_dir/cmp/sub-01/anat/ROIv_HR_th_scale5.graphml -> /output_dir/cmp/sub-01/anat/sub-01_label-L2018_desc-scale5_atlas.graphml
210129-13:56:08,986 nipype.interface INFO:
	 sub: /output_dir/cmp/sub-01/anat/ROIv_HR_th_scale1.graphml -> /output_dir/cmp/sub-01/anat/sub-01_label-L2018_desc-scale1_atlas.graphml
210129-13:56:08,986 nipype.interface INFO:
	 sub: /output_dir/cmp/sub-01/anat/ROIv_HR_th_scale2.graphml -> /output_dir/cmp/sub-01/anat/sub-01_label-L2018_desc-scale2_atlas.graphml
210129-13:56:08,986 nipype.interface INFO:
	 sub: /output_dir/cmp/sub-01/anat/ROIv_HR_th_scale3.graphml -> /output_dir/cmp/sub-01/anat/sub-01_label-L2018_desc-scale3_atlas.graphml
210129-13:56:08,986 nipype.interface INFO:
	 sub: /output_dir/cmp/sub-01/anat/T1w_class-GM.nii.gz -> /output_dir/cmp/sub-01/anat/sub-01_label-GM_dseg.nii.gz
210129-13:56:08,987 nipype.interface INFO:
	 sub: /output_dir/cmp/sub-01/anat/brain.nii.gz -> /output_dir/cmp/sub-01/anat/sub-01_desc-brain_T1w.nii.gz
210129-13:56:08,987 nipype.interface INFO:
	 sub: /output_dir/cmp/sub-01/anat/ROIv_HR_th_scale4_final.nii.gz -> /output_dir/cmp/sub-01/anat/sub-01_label-L2018_desc-scale4_atlas.nii.gz
210129-13:56:08,987 nipype.interface INFO:
	 sub: /output_dir/cmp/sub-01/anat/ROIv_HR_th_scale5_final.nii.gz -> /output_dir/cmp/sub-01/anat/sub-01_label-L2018_desc-scale5_atlas.nii.gz
210129-13:56:08,988 nipype.interface INFO:
	 sub: /output_dir/cmp/sub-01/anat/ROIv_HR_th_scale1_final.nii.gz -> /output_dir/cmp/sub-01/anat/sub-01_label-L2018_desc-scale1_atlas.nii.gz
210129-13:56:08,988 nipype.interface INFO:
	 sub: /output_dir/cmp/sub-01/anat/ROIv_HR_th_scale2_final.nii.gz -> /output_dir/cmp/sub-01/anat/sub-01_label-L2018_desc-scale2_atlas.nii.gz
210129-13:56:08,988 nipype.interface INFO:
	 sub: /output_dir/cmp/sub-01/anat/ROIv_HR_th_scale3_final.nii.gz -> /output_dir/cmp/sub-01/anat/sub-01_label-L2018_desc-scale3_atlas.nii.gz
210129-13:56:08,988 nipype.interface INFO:
	 sub: /output_dir/cmp/sub-01/anat/aseg.nii.gz -> /output_dir/cmp/sub-01/anat/sub-01_desc-aseg_dseg.nii.gz
210129-13:56:08,989 nipype.interface INFO:
	 sub: /output_dir/cmp/sub-01/anat/aparc+aseg.Lausanne2018.native.nii.gz -> /output_dir/cmp/sub-01/anat/sub-01_desc-aparcaseg_dseg.nii.gz
210129-13:56:09,3 nipype.workflow INFO:
	 [Node] Finished "anatomical_pipeline.anatomical_sinker".
210129-13:56:09,3 nipype.interface INFO:
	 **** Processing finished ****
